<?xml version="1.0" encoding="UTF-8"?>
<testng-results ignored="0" total="2" passed="2" failed="0" skipped="0">
  <reporter-output>
  </reporter-output>
  <suite started-at="2022-10-19T15:17:04 IST" name="Suite" finished-at="2022-10-19T15:17:20 IST" duration-ms="16556">
    <groups>
    </groups>
    <test started-at="2022-10-19T15:17:04 IST" name="Test" finished-at="2022-10-19T15:17:20 IST" duration-ms="16556">
      <class name="testCases.TestCases">
        <test-method signature="BankWebSiteNavigation()[pri:0, instance:testCases.TestCases@51a9ad5e]" started-at="2022-10-19T15:17:04 IST" name="BankWebSiteNavigation" finished-at="2022-10-19T15:17:11 IST" duration-ms="6575" status="PASS">
          <reporter-output>
          </reporter-output>
        </test-method> <!-- BankWebSiteNavigation -->
        <test-method is-config="true" signature="close()[pri:0, instance:testCases.TestCases@51a9ad5e]" started-at="2022-10-19T15:17:11 IST" name="close" finished-at="2022-10-19T15:17:11 IST" duration-ms="94" status="PASS">
          <reporter-output>
          </reporter-output>
        </test-method> <!-- close -->
        <test-method signature="ForgetInfoPage()[pri:1, instance:testCases.TestCases@51a9ad5e]" started-at="2022-10-19T15:17:11 IST" name="ForgetInfoPage" finished-at="2022-10-19T15:17:18 IST" duration-ms="7416" status="PASS">
          <reporter-output>
          </reporter-output>
        </test-method> <!-- ForgetInfoPage -->
        <test-method is-config="true" signature="close()[pri:0, instance:testCases.TestCases@51a9ad5e]" started-at="2022-10-19T15:17:18 IST" name="close" finished-at="2022-10-19T15:17:20 IST" duration-ms="2427" status="PASS">
          <reporter-output>
          </reporter-output>
        </test-method> <!-- close -->
        <test-method is-config="true" signature="endingReport()[pri:0, instance:testCases.TestCases@51a9ad5e]" started-at="2022-10-19T15:17:21 IST" name="endingReport" finished-at="2022-10-19T15:17:21 IST" duration-ms="271" status="PASS">
          <reporter-output>
          </reporter-output>
        </test-method> <!-- endingReport -->
      </class> <!-- testCases.TestCases -->
    </test> <!-- Test -->
  </suite> <!-- Suite -->
</testng-results>
